[17:36:58] [main/INFO]: Loading Minecraft 1.21.1 with Fabric Loader 0.18.2
[17:36:58] [main/INFO]: Fabric is preparing JARs on first launch, this may take a few seconds...
[17:36:58] [main/INFO]: Loading 4 mods:
	- fabricloader 0.18.2
	   \-- mixinextras 0.5.0
	- java 21
	- minecraft 1.21.1
[17:36:58] [main/INFO]: SpongePowered MIXIN Subsystem Version=0.8.7 Source=file:/workspaces/Minecraft/servidor_minecraft/libraries/net/fabricmc/sponge-mixin/0.16.5+mixin.0.8.7/sponge-mixin-0.16.5+mixin.0.8.7.jar Service=Knot/Fabric Env=SERVER
[17:37:03] [main/INFO]: Environment: Environment[sessionHost=https://sessionserver.mojang.com, servicesHost=https://api.minecraftservices.com, name=PROD]
[17:37:04] [main/INFO]: No existing world data, creating new world
[17:37:05] [main/INFO]: Loaded 1290 recipes
[17:37:05] [main/INFO]: Loaded 1399 advancements
[17:37:05] [Server thread/INFO]: Starting minecraft server version 1.21.1
[17:37:05] [Server thread/INFO]: Loading properties
[17:37:05] [Server thread/INFO]: Default game type: SURVIVAL
[17:37:05] [Server thread/INFO]: Generating keypair
[17:37:06] [Server thread/INFO]: Starting Minecraft server on *:25565
[17:37:06] [Server thread/INFO]: Using epoll channel type
[17:37:06] [Server thread/WARN]: **** SERVER IS RUNNING IN OFFLINE/INSECURE MODE!
[17:37:06] [Server thread/WARN]: The server will make no attempt to authenticate usernames. Beware.
[17:37:06] [Server thread/WARN]: While this makes the game possible to play without internet access, it also opens up the ability for hackers to connect with any username they choose.
[17:37:06] [Server thread/WARN]: To change this, set "online-mode" to "true" in the server.properties file.
[17:37:06] [Server thread/INFO]: Preparing level "world"
[17:37:13] [Server thread/INFO]: Preparing start region for dimension minecraft:overworld
[17:37:13] [Worker-Main-2/INFO]: Preparing spawn area: 2%
[17:37:14] [Worker-Main-3/INFO]: Preparing spawn area: 2%
[17:37:14] [Worker-Main-1/INFO]: Preparing spawn area: 2%
[17:37:15] [Worker-Main-1/INFO]: Preparing spawn area: 2%
[17:37:15] [Worker-Main-1/INFO]: Preparing spawn area: 18%
[17:37:16] [Worker-Main-3/INFO]: Preparing spawn area: 18%
[17:37:16] [Worker-Main-2/INFO]: Preparing spawn area: 18%
[17:37:17] [Worker-Main-1/INFO]: Preparing spawn area: 51%
[17:37:17] [Worker-Main-1/INFO]: Preparing spawn area: 51%
[17:37:18] [Worker-Main-1/INFO]: Preparing spawn area: 51%
[17:37:18] [Server thread/INFO]: Time elapsed: 5077 ms
[17:37:18] [Server thread/INFO]: Done (12.521s)! For help, type "help"
[17:39:18] [Server thread/INFO]: Geraldo03012[/127.243.203.202:34431] logged in with entity id 3 at (-55.5, 70.0, -131.5)
[17:39:18] [Server thread/INFO]: Geraldo03012 joined the game
[17:41:18] [Server thread/INFO]: Geraldo03012 has made the advancement [Stone Age]
[17:41:50] [Server thread/INFO]: Geraldo03012 has made the advancement [Getting an Upgrade]
[17:45:14] [Server thread/INFO]: Stopping the server
[17:45:14] [Server thread/INFO]: Stopping server
[17:45:14] [Server thread/INFO]: Saving players
[17:45:14] [Server thread/INFO]: Geraldo03012 lost connection: Disconnected
[17:45:14] [Server thread/INFO]: Geraldo03012 left the game
[17:45:14] [Server thread/INFO]: Saving worlds
[17:45:14] [Server thread/INFO]: Saving chunks for level 'ServerLevel[world]'/minecraft:overworld
[17:45:16] [Server thread/INFO]: Saving chunks for level 'ServerLevel[world]'/minecraft:the_end
[17:45:16] [Server thread/INFO]: Saving chunks for level 'ServerLevel[world]'/minecraft:the_nether
[17:45:16] [Server thread/INFO]: ThreadedAnvilChunkStorage (world): All chunks are saved
[17:45:16] [Server thread/INFO]: ThreadedAnvilChunkStorage (DIM1): All chunks are saved
[17:45:16] [Server thread/INFO]: ThreadedAnvilChunkStorage (DIM-1): All chunks are saved
[17:45:16] [Server thread/INFO]: ThreadedAnvilChunkStorage: All dimensions are saved
